The system is: Linux - 3.3.4-gentoo - x86_64
Compiling the C compiler identification source file "CMakeCCompilerId.c" succeeded.
Compiler: /usr/bin/gcc 
Build flags: 
Id flags: 

The output was:
0


Compilation of the C compiler identification source "CMakeCCompilerId.c" produced "a.out"

The C compiler identification is GNU, found in "/home/kuba/graph_analyzer/build/CMakeFiles/CompilerIdC/a.out"

Compiling the CXX compiler identification source file "CMakeCXXCompilerId.cpp" succeeded.
Compiler: /usr/bin/c++ 
Build flags: 
Id flags: 

The output was:
0


Compilation of the CXX compiler identification source "CMakeCXXCompilerId.cpp" produced "a.out"

The CXX compiler identification is GNU, found in "/home/kuba/graph_analyzer/build/CMakeFiles/CompilerIdCXX/a.out"

Determining if the C compiler works passed with the following output:
Change Dir: /home/kuba/graph_analyzer/build/CMakeFiles/CMakeTmp

Run Build Command:/usr/bin/gmake "cmTryCompileExec2530345844/fast"
/usr/bin/gmake -f CMakeFiles/cmTryCompileExec2530345844.dir/build.make CMakeFiles/cmTryCompileExec2530345844.dir/build
gmake[1]: Wejście do katalogu `/home/kuba/graph_analyzer/build/CMakeFiles/CMakeTmp'
/usr/bin/cmake -E cmake_progress_report /home/kuba/graph_analyzer/build/CMakeFiles/CMakeTmp/CMakeFiles 1
Building C object CMakeFiles/cmTryCompileExec2530345844.dir/testCCompiler.c.o
/usr/bin/gcc    -o CMakeFiles/cmTryCompileExec2530345844.dir/testCCompiler.c.o   -c /home/kuba/graph_analyzer/build/CMakeFiles/CMakeTmp/testCCompiler.c
Linking C executable cmTryCompileExec2530345844
/usr/bin/cmake -E cmake_link_script CMakeFiles/cmTryCompileExec2530345844.dir/link.txt --verbose=1
/usr/bin/gcc         CMakeFiles/cmTryCompileExec2530345844.dir/testCCompiler.c.o  -o cmTryCompileExec2530345844 -rdynamic 
gmake[1]: Opuszczenie katalogu `/home/kuba/graph_analyzer/build/CMakeFiles/CMakeTmp'


Detecting C compiler ABI info compiled with the following output:
Change Dir: /home/kuba/graph_analyzer/build/CMakeFiles/CMakeTmp

Run Build Command:/usr/bin/gmake "cmTryCompileExec3820966403/fast"
/usr/bin/gmake -f CMakeFiles/cmTryCompileExec3820966403.dir/build.make CMakeFiles/cmTryCompileExec3820966403.dir/build
gmake[1]: Wejście do katalogu `/home/kuba/graph_analyzer/build/CMakeFiles/CMakeTmp'
/usr/bin/cmake -E cmake_progress_report /home/kuba/graph_analyzer/build/CMakeFiles/CMakeTmp/CMakeFiles 1
Building C object CMakeFiles/cmTryCompileExec3820966403.dir/CMakeCCompilerABI.c.o
/usr/bin/gcc    -o CMakeFiles/cmTryCompileExec3820966403.dir/CMakeCCompilerABI.c.o   -c /usr/share/cmake/Modules/CMakeCCompilerABI.c
Linking C executable cmTryCompileExec3820966403
/usr/bin/cmake -E cmake_link_script CMakeFiles/cmTryCompileExec3820966403.dir/link.txt --verbose=1
/usr/bin/gcc       -v CMakeFiles/cmTryCompileExec3820966403.dir/CMakeCCompilerABI.c.o  -o cmTryCompileExec3820966403 -rdynamic  
Using built-in specs.
COLLECT_GCC=/usr/x86_64-pc-linux-gnu/gcc-bin/4.5.3/gcc
COLLECT_LTO_WRAPPER=/usr/libexec/gcc/x86_64-pc-linux-gnu/4.5.3/lto-wrapper
Target: x86_64-pc-linux-gnu
Configured with: /var/tmp/portage/sys-devel/gcc-4.5.3-r2/work/gcc-4.5.3/configure --prefix=/usr --bindir=/usr/x86_64-pc-linux-gnu/gcc-bin/4.5.3 --includedir=/usr/lib/gcc/x86_64-pc-linux-gnu/4.5.3/include --datadir=/usr/share/gcc-data/x86_64-pc-linux-gnu/4.5.3 --mandir=/usr/share/gcc-data/x86_64-pc-linux-gnu/4.5.3/man --infodir=/usr/share/gcc-data/x86_64-pc-linux-gnu/4.5.3/info --with-gxx-include-dir=/usr/lib/gcc/x86_64-pc-linux-gnu/4.5.3/include/g++-v4 --host=x86_64-pc-linux-gnu --build=x86_64-pc-linux-gnu --disable-altivec --disable-fixed-point --without-ppl --without-cloog --disable-lto --enable-nls --without-included-gettext --with-system-zlib --disable-werror --enable-secureplt --enable-multilib --enable-libmudflap --disable-libssp --enable-libgomp --with-python-dir=/share/gcc-data/x86_64-pc-linux-gnu/4.5.3/python --enable-checking=release --disable-libgcj --enable-languages=c,c++,fortran --enable-shared --enable-threads=posix --enable-__cxa_atexit --enable-clocale=gnu --enable-targets=all --with-bugurl=http://bugs.gentoo.org/ --with-pkgversion='Gentoo 4.5.3-r2 p1.1, pie-0.4.7'
Thread model: posix
gcc version 4.5.3 (Gentoo 4.5.3-r2 p1.1, pie-0.4.7) 
COMPILER_PATH=/usr/libexec/gcc/x86_64-pc-linux-gnu/4.5.3/:/usr/libexec/gcc/x86_64-pc-linux-gnu/4.5.3/:/usr/libexec/gcc/x86_64-pc-linux-gnu/:/usr/lib/gcc/x86_64-pc-linux-gnu/4.5.3/:/usr/lib/gcc/x86_64-pc-linux-gnu/:/usr/lib/gcc/x86_64-pc-linux-gnu/4.5.3/../../../../x86_64-pc-linux-gnu/bin/
LIBRARY_PATH=/usr/lib/gcc/x86_64-pc-linux-gnu/4.5.3/:/usr/lib/gcc/x86_64-pc-linux-gnu/4.5.3/../../../../lib64/:/lib/../lib64/:/usr/lib/../lib64/:/usr/lib/gcc/x86_64-pc-linux-gnu/4.5.3/../../../../x86_64-pc-linux-gnu/lib/:/usr/lib/gcc/x86_64-pc-linux-gnu/4.5.3/../../../:/lib/:/usr/lib/
COLLECT_GCC_OPTIONS='-v' '-o' 'cmTryCompileExec3820966403' '-rdynamic' '-mtune=generic' '-march=x86-64'
 /usr/libexec/gcc/x86_64-pc-linux-gnu/4.5.3/collect2 --eh-frame-hdr -m elf_x86_64 -export-dynamic -dynamic-linker /lib64/ld-linux-x86-64.so.2 -o cmTryCompileExec3820966403 /usr/lib/gcc/x86_64-pc-linux-gnu/4.5.3/../../../../lib64/crt1.o /usr/lib/gcc/x86_64-pc-linux-gnu/4.5.3/../../../../lib64/crti.o /usr/lib/gcc/x86_64-pc-linux-gnu/4.5.3/crtbegin.o -L/usr/lib/gcc/x86_64-pc-linux-gnu/4.5.3 -L/usr/lib/gcc/x86_64-pc-linux-gnu/4.5.3/../../../../lib64 -L/lib/../lib64 -L/usr/lib/../lib64 -L/usr/lib/gcc/x86_64-pc-linux-gnu/4.5.3/../../../../x86_64-pc-linux-gnu/lib -L/usr/lib/gcc/x86_64-pc-linux-gnu/4.5.3/../../.. CMakeFiles/cmTryCompileExec3820966403.dir/CMakeCCompilerABI.c.o -lgcc --as-needed -lgcc_s --no-as-needed -lc -lgcc --as-needed -lgcc_s --no-as-needed /usr/lib/gcc/x86_64-pc-linux-gnu/4.5.3/crtend.o /usr/lib/gcc/x86_64-pc-linux-gnu/4.5.3/../../../../lib64/crtn.o
gmake[1]: Opuszczenie katalogu `/home/kuba/graph_analyzer/build/CMakeFiles/CMakeTmp'


Parsed C implicit link information from above output:
  link line regex: [^( *|.*[/\])(ld|ld|collect2)[^/\]*( |$)]
  ignore line: [Change Dir: /home/kuba/graph_analyzer/build/CMakeFiles/CMakeTmp]
  ignore line: []
  ignore line: [Run Build Command:/usr/bin/gmake "cmTryCompileExec3820966403/fast"]
  ignore line: [/usr/bin/gmake -f CMakeFiles/cmTryCompileExec3820966403.dir/build.make CMakeFiles/cmTryCompileExec3820966403.dir/build]
  ignore line: [gmake[1]: Wejście do katalogu `/home/kuba/graph_analyzer/build/CMakeFiles/CMakeTmp']
  ignore line: [/usr/bin/cmake -E cmake_progress_report /home/kuba/graph_analyzer/build/CMakeFiles/CMakeTmp/CMakeFiles 1]
  ignore line: [Building C object CMakeFiles/cmTryCompileExec3820966403.dir/CMakeCCompilerABI.c.o]
  ignore line: [/usr/bin/gcc    -o CMakeFiles/cmTryCompileExec3820966403.dir/CMakeCCompilerABI.c.o   -c /usr/share/cmake/Modules/CMakeCCompilerABI.c]
  ignore line: [Linking C executable cmTryCompileExec3820966403]
  ignore line: [/usr/bin/cmake -E cmake_link_script CMakeFiles/cmTryCompileExec3820966403.dir/link.txt --verbose=1]
  ignore line: [/usr/bin/gcc       -v CMakeFiles/cmTryCompileExec3820966403.dir/CMakeCCompilerABI.c.o  -o cmTryCompileExec3820966403 -rdynamic  ]
  ignore line: [Using built-in specs.]
  ignore line: [COLLECT_GCC=/usr/x86_64-pc-linux-gnu/gcc-bin/4.5.3/gcc]
  ignore line: [COLLECT_LTO_WRAPPER=/usr/libexec/gcc/x86_64-pc-linux-gnu/4.5.3/lto-wrapper]
  ignore line: [Target: x86_64-pc-linux-gnu]
  ignore line: [Configured with: /var/tmp/portage/sys-devel/gcc-4.5.3-r2/work/gcc-4.5.3/configure --prefix=/usr --bindir=/usr/x86_64-pc-linux-gnu/gcc-bin/4.5.3 --includedir=/usr/lib/gcc/x86_64-pc-linux-gnu/4.5.3/include --datadir=/usr/share/gcc-data/x86_64-pc-linux-gnu/4.5.3 --mandir=/usr/share/gcc-data/x86_64-pc-linux-gnu/4.5.3/man --infodir=/usr/share/gcc-data/x86_64-pc-linux-gnu/4.5.3/info --with-gxx-include-dir=/usr/lib/gcc/x86_64-pc-linux-gnu/4.5.3/include/g++-v4 --host=x86_64-pc-linux-gnu --build=x86_64-pc-linux-gnu --disable-altivec --disable-fixed-point --without-ppl --without-cloog --disable-lto --enable-nls --without-included-gettext --with-system-zlib --disable-werror --enable-secureplt --enable-multilib --enable-libmudflap --disable-libssp --enable-libgomp --with-python-dir=/share/gcc-data/x86_64-pc-linux-gnu/4.5.3/python --enable-checking=release --disable-libgcj --enable-languages=c,c++,fortran --enable-shared --enable-threads=posix --enable-__cxa_atexit --enable-clocale=gnu --enable-targets=all --with-bugurl=http://bugs.gentoo.org/ --with-pkgversion='Gentoo 4.5.3-r2 p1.1, pie-0.4.7']
  ignore line: [Thread model: posix]
  ignore line: [gcc version 4.5.3 (Gentoo 4.5.3-r2 p1.1, pie-0.4.7) ]
  ignore line: [COMPILER_PATH=/usr/libexec/gcc/x86_64-pc-linux-gnu/4.5.3/:/usr/libexec/gcc/x86_64-pc-linux-gnu/4.5.3/:/usr/libexec/gcc/x86_64-pc-linux-gnu/:/usr/lib/gcc/x86_64-pc-linux-gnu/4.5.3/:/usr/lib/gcc/x86_64-pc-linux-gnu/:/usr/lib/gcc/x86_64-pc-linux-gnu/4.5.3/../../../../x86_64-pc-linux-gnu/bin/]
  ignore line: [LIBRARY_PATH=/usr/lib/gcc/x86_64-pc-linux-gnu/4.5.3/:/usr/lib/gcc/x86_64-pc-linux-gnu/4.5.3/../../../../lib64/:/lib/../lib64/:/usr/lib/../lib64/:/usr/lib/gcc/x86_64-pc-linux-gnu/4.5.3/../../../../x86_64-pc-linux-gnu/lib/:/usr/lib/gcc/x86_64-pc-linux-gnu/4.5.3/../../../:/lib/:/usr/lib/]
  ignore line: [COLLECT_GCC_OPTIONS='-v' '-o' 'cmTryCompileExec3820966403' '-rdynamic' '-mtune=generic' '-march=x86-64']
  link line: [ /usr/libexec/gcc/x86_64-pc-linux-gnu/4.5.3/collect2 --eh-frame-hdr -m elf_x86_64 -export-dynamic -dynamic-linker /lib64/ld-linux-x86-64.so.2 -o cmTryCompileExec3820966403 /usr/lib/gcc/x86_64-pc-linux-gnu/4.5.3/../../../../lib64/crt1.o /usr/lib/gcc/x86_64-pc-linux-gnu/4.5.3/../../../../lib64/crti.o /usr/lib/gcc/x86_64-pc-linux-gnu/4.5.3/crtbegin.o -L/usr/lib/gcc/x86_64-pc-linux-gnu/4.5.3 -L/usr/lib/gcc/x86_64-pc-linux-gnu/4.5.3/../../../../lib64 -L/lib/../lib64 -L/usr/lib/../lib64 -L/usr/lib/gcc/x86_64-pc-linux-gnu/4.5.3/../../../../x86_64-pc-linux-gnu/lib -L/usr/lib/gcc/x86_64-pc-linux-gnu/4.5.3/../../.. CMakeFiles/cmTryCompileExec3820966403.dir/CMakeCCompilerABI.c.o -lgcc --as-needed -lgcc_s --no-as-needed -lc -lgcc --as-needed -lgcc_s --no-as-needed /usr/lib/gcc/x86_64-pc-linux-gnu/4.5.3/crtend.o /usr/lib/gcc/x86_64-pc-linux-gnu/4.5.3/../../../../lib64/crtn.o]
    arg [/usr/libexec/gcc/x86_64-pc-linux-gnu/4.5.3/collect2] ==> ignore
    arg [--eh-frame-hdr] ==> ignore
    arg [-m] ==> ignore
    arg [elf_x86_64] ==> ignore
    arg [-export-dynamic] ==> ignore
    arg [-dynamic-linker] ==> ignore
    arg [/lib64/ld-linux-x86-64.so.2] ==> ignore
    arg [-o] ==> ignore
    arg [cmTryCompileExec3820966403] ==> ignore
    arg [/usr/lib/gcc/x86_64-pc-linux-gnu/4.5.3/../../../../lib64/crt1.o] ==> ignore
    arg [/usr/lib/gcc/x86_64-pc-linux-gnu/4.5.3/../../../../lib64/crti.o] ==> ignore
    arg [/usr/lib/gcc/x86_64-pc-linux-gnu/4.5.3/crtbegin.o] ==> ignore
    arg [-L/usr/lib/gcc/x86_64-pc-linux-gnu/4.5.3] ==> dir [/usr/lib/gcc/x86_64-pc-linux-gnu/4.5.3]
    arg [-L/usr/lib/gcc/x86_64-pc-linux-gnu/4.5.3/../../../../lib64] ==> dir [/usr/lib/gcc/x86_64-pc-linux-gnu/4.5.3/../../../../lib64]
    arg [-L/lib/../lib64] ==> dir [/lib/../lib64]
    arg [-L/usr/lib/../lib64] ==> dir [/usr/lib/../lib64]
    arg [-L/usr/lib/gcc/x86_64-pc-linux-gnu/4.5.3/../../../../x86_64-pc-linux-gnu/lib] ==> dir [/usr/lib/gcc/x86_64-pc-linux-gnu/4.5.3/../../../../x86_64-pc-linux-gnu/lib]
    arg [-L/usr/lib/gcc/x86_64-pc-linux-gnu/4.5.3/../../..] ==> dir [/usr/lib/gcc/x86_64-pc-linux-gnu/4.5.3/../../..]
    arg [CMakeFiles/cmTryCompileExec3820966403.dir/CMakeCCompilerABI.c.o] ==> ignore
    arg [-lgcc] ==> lib [gcc]
    arg [--as-needed] ==> ignore
    arg [-lgcc_s] ==> lib [gcc_s]
    arg [--no-as-needed] ==> ignore
    arg [-lc] ==> lib [c]
    arg [-lgcc] ==> lib [gcc]
    arg [--as-needed] ==> ignore
    arg [-lgcc_s] ==> lib [gcc_s]
    arg [--no-as-needed] ==> ignore
    arg [/usr/lib/gcc/x86_64-pc-linux-gnu/4.5.3/crtend.o] ==> ignore
    arg [/usr/lib/gcc/x86_64-pc-linux-gnu/4.5.3/../../../../lib64/crtn.o] ==> ignore
  remove lib [gcc]
  remove lib [gcc_s]
  remove lib [gcc]
  remove lib [gcc_s]
  collapse dir [/usr/lib/gcc/x86_64-pc-linux-gnu/4.5.3] ==> [/usr/lib/gcc/x86_64-pc-linux-gnu/4.5.3]
  collapse dir [/usr/lib/gcc/x86_64-pc-linux-gnu/4.5.3/../../../../lib64] ==> [/usr/lib64]
  collapse dir [/lib/../lib64] ==> [/lib64]
  collapse dir [/usr/lib/../lib64] ==> [/usr/lib64]
  collapse dir [/usr/lib/gcc/x86_64-pc-linux-gnu/4.5.3/../../../../x86_64-pc-linux-gnu/lib] ==> [/usr/x86_64-pc-linux-gnu/lib]
  collapse dir [/usr/lib/gcc/x86_64-pc-linux-gnu/4.5.3/../../..] ==> [/usr/lib]
  implicit libs: [c]
  implicit dirs: [/usr/lib/gcc/x86_64-pc-linux-gnu/4.5.3;/usr/lib64;/lib64;/usr/x86_64-pc-linux-gnu/lib;/usr/lib]


Determining if the CXX compiler works passed with the following output:
Change Dir: /home/kuba/graph_analyzer/build/CMakeFiles/CMakeTmp

Run Build Command:/usr/bin/gmake "cmTryCompileExec2027168503/fast"
/usr/bin/gmake -f CMakeFiles/cmTryCompileExec2027168503.dir/build.make CMakeFiles/cmTryCompileExec2027168503.dir/build
gmake[1]: Wejście do katalogu `/home/kuba/graph_analyzer/build/CMakeFiles/CMakeTmp'
/usr/bin/cmake -E cmake_progress_report /home/kuba/graph_analyzer/build/CMakeFiles/CMakeTmp/CMakeFiles 1
Building CXX object CMakeFiles/cmTryCompileExec2027168503.dir/testCXXCompiler.cxx.o
/usr/bin/c++     -o CMakeFiles/cmTryCompileExec2027168503.dir/testCXXCompiler.cxx.o -c /home/kuba/graph_analyzer/build/CMakeFiles/CMakeTmp/testCXXCompiler.cxx
Linking CXX executable cmTryCompileExec2027168503
/usr/bin/cmake -E cmake_link_script CMakeFiles/cmTryCompileExec2027168503.dir/link.txt --verbose=1
/usr/bin/c++          CMakeFiles/cmTryCompileExec2027168503.dir/testCXXCompiler.cxx.o  -o cmTryCompileExec2027168503 -rdynamic 
gmake[1]: Opuszczenie katalogu `/home/kuba/graph_analyzer/build/CMakeFiles/CMakeTmp'


Detecting CXX compiler ABI info compiled with the following output:
Change Dir: /home/kuba/graph_analyzer/build/CMakeFiles/CMakeTmp

Run Build Command:/usr/bin/gmake "cmTryCompileExec3470908557/fast"
/usr/bin/gmake -f CMakeFiles/cmTryCompileExec3470908557.dir/build.make CMakeFiles/cmTryCompileExec3470908557.dir/build
gmake[1]: Wejście do katalogu `/home/kuba/graph_analyzer/build/CMakeFiles/CMakeTmp'
/usr/bin/cmake -E cmake_progress_report /home/kuba/graph_analyzer/build/CMakeFiles/CMakeTmp/CMakeFiles 1
Building CXX object CMakeFiles/cmTryCompileExec3470908557.dir/CMakeCXXCompilerABI.cpp.o
/usr/bin/c++     -o CMakeFiles/cmTryCompileExec3470908557.dir/CMakeCXXCompilerABI.cpp.o -c /usr/share/cmake/Modules/CMakeCXXCompilerABI.cpp
Linking CXX executable cmTryCompileExec3470908557
/usr/bin/cmake -E cmake_link_script CMakeFiles/cmTryCompileExec3470908557.dir/link.txt --verbose=1
/usr/bin/c++        -v CMakeFiles/cmTryCompileExec3470908557.dir/CMakeCXXCompilerABI.cpp.o  -o cmTryCompileExec3470908557 -rdynamic  
Using built-in specs.
COLLECT_GCC=/usr/x86_64-pc-linux-gnu/gcc-bin/4.5.3/c++
COLLECT_LTO_WRAPPER=/usr/libexec/gcc/x86_64-pc-linux-gnu/4.5.3/lto-wrapper
Target: x86_64-pc-linux-gnu
Configured with: /var/tmp/portage/sys-devel/gcc-4.5.3-r2/work/gcc-4.5.3/configure --prefix=/usr --bindir=/usr/x86_64-pc-linux-gnu/gcc-bin/4.5.3 --includedir=/usr/lib/gcc/x86_64-pc-linux-gnu/4.5.3/include --datadir=/usr/share/gcc-data/x86_64-pc-linux-gnu/4.5.3 --mandir=/usr/share/gcc-data/x86_64-pc-linux-gnu/4.5.3/man --infodir=/usr/share/gcc-data/x86_64-pc-linux-gnu/4.5.3/info --with-gxx-include-dir=/usr/lib/gcc/x86_64-pc-linux-gnu/4.5.3/include/g++-v4 --host=x86_64-pc-linux-gnu --build=x86_64-pc-linux-gnu --disable-altivec --disable-fixed-point --without-ppl --without-cloog --disable-lto --enable-nls --without-included-gettext --with-system-zlib --disable-werror --enable-secureplt --enable-multilib --enable-libmudflap --disable-libssp --enable-libgomp --with-python-dir=/share/gcc-data/x86_64-pc-linux-gnu/4.5.3/python --enable-checking=release --disable-libgcj --enable-languages=c,c++,fortran --enable-shared --enable-threads=posix --enable-__cxa_atexit --enable-clocale=gnu --enable-targets=all --with-bugurl=http://bugs.gentoo.org/ --with-pkgversion='Gentoo 4.5.3-r2 p1.1, pie-0.4.7'
Thread model: posix
gcc version 4.5.3 (Gentoo 4.5.3-r2 p1.1, pie-0.4.7) 
COMPILER_PATH=/usr/libexec/gcc/x86_64-pc-linux-gnu/4.5.3/:/usr/libexec/gcc/x86_64-pc-linux-gnu/4.5.3/:/usr/libexec/gcc/x86_64-pc-linux-gnu/:/usr/lib/gcc/x86_64-pc-linux-gnu/4.5.3/:/usr/lib/gcc/x86_64-pc-linux-gnu/:/usr/lib/gcc/x86_64-pc-linux-gnu/4.5.3/../../../../x86_64-pc-linux-gnu/bin/
LIBRARY_PATH=/usr/lib/gcc/x86_64-pc-linux-gnu/4.5.3/:/usr/lib/gcc/x86_64-pc-linux-gnu/4.5.3/../../../../lib64/:/lib/../lib64/:/usr/lib/../lib64/:/usr/lib/gcc/x86_64-pc-linux-gnu/4.5.3/../../../../x86_64-pc-linux-gnu/lib/:/usr/lib/gcc/x86_64-pc-linux-gnu/4.5.3/../../../:/lib/:/usr/lib/
COLLECT_GCC_OPTIONS='-v' '-o' 'cmTryCompileExec3470908557' '-rdynamic' '-shared-libgcc' '-mtune=generic' '-march=x86-64'
 /usr/libexec/gcc/x86_64-pc-linux-gnu/4.5.3/collect2 --eh-frame-hdr -m elf_x86_64 -export-dynamic -dynamic-linker /lib64/ld-linux-x86-64.so.2 -o cmTryCompileExec3470908557 /usr/lib/gcc/x86_64-pc-linux-gnu/4.5.3/../../../../lib64/crt1.o /usr/lib/gcc/x86_64-pc-linux-gnu/4.5.3/../../../../lib64/crti.o /usr/lib/gcc/x86_64-pc-linux-gnu/4.5.3/crtbegin.o -L/usr/lib/gcc/x86_64-pc-linux-gnu/4.5.3 -L/usr/lib/gcc/x86_64-pc-linux-gnu/4.5.3/../../../../lib64 -L/lib/../lib64 -L/usr/lib/../lib64 -L/usr/lib/gcc/x86_64-pc-linux-gnu/4.5.3/../../../../x86_64-pc-linux-gnu/lib -L/usr/lib/gcc/x86_64-pc-linux-gnu/4.5.3/../../.. CMakeFiles/cmTryCompileExec3470908557.dir/CMakeCXXCompilerABI.cpp.o -lstdc++ -lm -lgcc_s -lgcc -lc -lgcc_s -lgcc /usr/lib/gcc/x86_64-pc-linux-gnu/4.5.3/crtend.o /usr/lib/gcc/x86_64-pc-linux-gnu/4.5.3/../../../../lib64/crtn.o
gmake[1]: Opuszczenie katalogu `/home/kuba/graph_analyzer/build/CMakeFiles/CMakeTmp'


Parsed CXX implicit link information from above output:
  link line regex: [^( *|.*[/\])(ld|ld|collect2)[^/\]*( |$)]
  ignore line: [Change Dir: /home/kuba/graph_analyzer/build/CMakeFiles/CMakeTmp]
  ignore line: []
  ignore line: [Run Build Command:/usr/bin/gmake "cmTryCompileExec3470908557/fast"]
  ignore line: [/usr/bin/gmake -f CMakeFiles/cmTryCompileExec3470908557.dir/build.make CMakeFiles/cmTryCompileExec3470908557.dir/build]
  ignore line: [gmake[1]: Wejście do katalogu `/home/kuba/graph_analyzer/build/CMakeFiles/CMakeTmp']
  ignore line: [/usr/bin/cmake -E cmake_progress_report /home/kuba/graph_analyzer/build/CMakeFiles/CMakeTmp/CMakeFiles 1]
  ignore line: [Building CXX object CMakeFiles/cmTryCompileExec3470908557.dir/CMakeCXXCompilerABI.cpp.o]
  ignore line: [/usr/bin/c++     -o CMakeFiles/cmTryCompileExec3470908557.dir/CMakeCXXCompilerABI.cpp.o -c /usr/share/cmake/Modules/CMakeCXXCompilerABI.cpp]
  ignore line: [Linking CXX executable cmTryCompileExec3470908557]
  ignore line: [/usr/bin/cmake -E cmake_link_script CMakeFiles/cmTryCompileExec3470908557.dir/link.txt --verbose=1]
  ignore line: [/usr/bin/c++        -v CMakeFiles/cmTryCompileExec3470908557.dir/CMakeCXXCompilerABI.cpp.o  -o cmTryCompileExec3470908557 -rdynamic  ]
  ignore line: [Using built-in specs.]
  ignore line: [COLLECT_GCC=/usr/x86_64-pc-linux-gnu/gcc-bin/4.5.3/c++]
  ignore line: [COLLECT_LTO_WRAPPER=/usr/libexec/gcc/x86_64-pc-linux-gnu/4.5.3/lto-wrapper]
  ignore line: [Target: x86_64-pc-linux-gnu]
  ignore line: [Configured with: /var/tmp/portage/sys-devel/gcc-4.5.3-r2/work/gcc-4.5.3/configure --prefix=/usr --bindir=/usr/x86_64-pc-linux-gnu/gcc-bin/4.5.3 --includedir=/usr/lib/gcc/x86_64-pc-linux-gnu/4.5.3/include --datadir=/usr/share/gcc-data/x86_64-pc-linux-gnu/4.5.3 --mandir=/usr/share/gcc-data/x86_64-pc-linux-gnu/4.5.3/man --infodir=/usr/share/gcc-data/x86_64-pc-linux-gnu/4.5.3/info --with-gxx-include-dir=/usr/lib/gcc/x86_64-pc-linux-gnu/4.5.3/include/g++-v4 --host=x86_64-pc-linux-gnu --build=x86_64-pc-linux-gnu --disable-altivec --disable-fixed-point --without-ppl --without-cloog --disable-lto --enable-nls --without-included-gettext --with-system-zlib --disable-werror --enable-secureplt --enable-multilib --enable-libmudflap --disable-libssp --enable-libgomp --with-python-dir=/share/gcc-data/x86_64-pc-linux-gnu/4.5.3/python --enable-checking=release --disable-libgcj --enable-languages=c,c++,fortran --enable-shared --enable-threads=posix --enable-__cxa_atexit --enable-clocale=gnu --enable-targets=all --with-bugurl=http://bugs.gentoo.org/ --with-pkgversion='Gentoo 4.5.3-r2 p1.1, pie-0.4.7']
  ignore line: [Thread model: posix]
  ignore line: [gcc version 4.5.3 (Gentoo 4.5.3-r2 p1.1, pie-0.4.7) ]
  ignore line: [COMPILER_PATH=/usr/libexec/gcc/x86_64-pc-linux-gnu/4.5.3/:/usr/libexec/gcc/x86_64-pc-linux-gnu/4.5.3/:/usr/libexec/gcc/x86_64-pc-linux-gnu/:/usr/lib/gcc/x86_64-pc-linux-gnu/4.5.3/:/usr/lib/gcc/x86_64-pc-linux-gnu/:/usr/lib/gcc/x86_64-pc-linux-gnu/4.5.3/../../../../x86_64-pc-linux-gnu/bin/]
  ignore line: [LIBRARY_PATH=/usr/lib/gcc/x86_64-pc-linux-gnu/4.5.3/:/usr/lib/gcc/x86_64-pc-linux-gnu/4.5.3/../../../../lib64/:/lib/../lib64/:/usr/lib/../lib64/:/usr/lib/gcc/x86_64-pc-linux-gnu/4.5.3/../../../../x86_64-pc-linux-gnu/lib/:/usr/lib/gcc/x86_64-pc-linux-gnu/4.5.3/../../../:/lib/:/usr/lib/]
  ignore line: [COLLECT_GCC_OPTIONS='-v' '-o' 'cmTryCompileExec3470908557' '-rdynamic' '-shared-libgcc' '-mtune=generic' '-march=x86-64']
  link line: [ /usr/libexec/gcc/x86_64-pc-linux-gnu/4.5.3/collect2 --eh-frame-hdr -m elf_x86_64 -export-dynamic -dynamic-linker /lib64/ld-linux-x86-64.so.2 -o cmTryCompileExec3470908557 /usr/lib/gcc/x86_64-pc-linux-gnu/4.5.3/../../../../lib64/crt1.o /usr/lib/gcc/x86_64-pc-linux-gnu/4.5.3/../../../../lib64/crti.o /usr/lib/gcc/x86_64-pc-linux-gnu/4.5.3/crtbegin.o -L/usr/lib/gcc/x86_64-pc-linux-gnu/4.5.3 -L/usr/lib/gcc/x86_64-pc-linux-gnu/4.5.3/../../../../lib64 -L/lib/../lib64 -L/usr/lib/../lib64 -L/usr/lib/gcc/x86_64-pc-linux-gnu/4.5.3/../../../../x86_64-pc-linux-gnu/lib -L/usr/lib/gcc/x86_64-pc-linux-gnu/4.5.3/../../.. CMakeFiles/cmTryCompileExec3470908557.dir/CMakeCXXCompilerABI.cpp.o -lstdc++ -lm -lgcc_s -lgcc -lc -lgcc_s -lgcc /usr/lib/gcc/x86_64-pc-linux-gnu/4.5.3/crtend.o /usr/lib/gcc/x86_64-pc-linux-gnu/4.5.3/../../../../lib64/crtn.o]
    arg [/usr/libexec/gcc/x86_64-pc-linux-gnu/4.5.3/collect2] ==> ignore
    arg [--eh-frame-hdr] ==> ignore
    arg [-m] ==> ignore
    arg [elf_x86_64] ==> ignore
    arg [-export-dynamic] ==> ignore
    arg [-dynamic-linker] ==> ignore
    arg [/lib64/ld-linux-x86-64.so.2] ==> ignore
    arg [-o] ==> ignore
    arg [cmTryCompileExec3470908557] ==> ignore
    arg [/usr/lib/gcc/x86_64-pc-linux-gnu/4.5.3/../../../../lib64/crt1.o] ==> ignore
    arg [/usr/lib/gcc/x86_64-pc-linux-gnu/4.5.3/../../../../lib64/crti.o] ==> ignore
    arg [/usr/lib/gcc/x86_64-pc-linux-gnu/4.5.3/crtbegin.o] ==> ignore
    arg [-L/usr/lib/gcc/x86_64-pc-linux-gnu/4.5.3] ==> dir [/usr/lib/gcc/x86_64-pc-linux-gnu/4.5.3]
    arg [-L/usr/lib/gcc/x86_64-pc-linux-gnu/4.5.3/../../../../lib64] ==> dir [/usr/lib/gcc/x86_64-pc-linux-gnu/4.5.3/../../../../lib64]
    arg [-L/lib/../lib64] ==> dir [/lib/../lib64]
    arg [-L/usr/lib/../lib64] ==> dir [/usr/lib/../lib64]
    arg [-L/usr/lib/gcc/x86_64-pc-linux-gnu/4.5.3/../../../../x86_64-pc-linux-gnu/lib] ==> dir [/usr/lib/gcc/x86_64-pc-linux-gnu/4.5.3/../../../../x86_64-pc-linux-gnu/lib]
    arg [-L/usr/lib/gcc/x86_64-pc-linux-gnu/4.5.3/../../..] ==> dir [/usr/lib/gcc/x86_64-pc-linux-gnu/4.5.3/../../..]
    arg [CMakeFiles/cmTryCompileExec3470908557.dir/CMakeCXXCompilerABI.cpp.o] ==> ignore
    arg [-lstdc++] ==> lib [stdc++]
    arg [-lm] ==> lib [m]
    arg [-lgcc_s] ==> lib [gcc_s]
    arg [-lgcc] ==> lib [gcc]
    arg [-lc] ==> lib [c]
    arg [-lgcc_s] ==> lib [gcc_s]
    arg [-lgcc] ==> lib [gcc]
    arg [/usr/lib/gcc/x86_64-pc-linux-gnu/4.5.3/crtend.o] ==> ignore
    arg [/usr/lib/gcc/x86_64-pc-linux-gnu/4.5.3/../../../../lib64/crtn.o] ==> ignore
  remove lib [gcc_s]
  remove lib [gcc]
  remove lib [gcc_s]
  remove lib [gcc]
  collapse dir [/usr/lib/gcc/x86_64-pc-linux-gnu/4.5.3] ==> [/usr/lib/gcc/x86_64-pc-linux-gnu/4.5.3]
  collapse dir [/usr/lib/gcc/x86_64-pc-linux-gnu/4.5.3/../../../../lib64] ==> [/usr/lib64]
  collapse dir [/lib/../lib64] ==> [/lib64]
  collapse dir [/usr/lib/../lib64] ==> [/usr/lib64]
  collapse dir [/usr/lib/gcc/x86_64-pc-linux-gnu/4.5.3/../../../../x86_64-pc-linux-gnu/lib] ==> [/usr/x86_64-pc-linux-gnu/lib]
  collapse dir [/usr/lib/gcc/x86_64-pc-linux-gnu/4.5.3/../../..] ==> [/usr/lib]
  implicit libs: [stdc++;m;c]
  implicit dirs: [/usr/lib/gcc/x86_64-pc-linux-gnu/4.5.3;/usr/lib64;/lib64;/usr/x86_64-pc-linux-gnu/lib;/usr/lib]


